<?xml version="1.0" encoding="UTF-8"?>
<testsuite xmlns:xsi="http://www.w3.org/2001/XMLSchema-instance" xsi:noNamespaceSchemaLocation="https://maven.apache.org/surefire/maven-surefire-plugin/xsd/surefire-test-report.xsd" name="cn.truncle.yumubot.EventControllerTests" time="0.001" tests="1" errors="0" skipped="0" failures="0">
  <properties>
    <property name="sun.desktop" value="windows"/>
    <property name="awt.toolkit" value="sun.awt.windows.WToolkit"/>
    <property name="java.specification.version" value="12"/>
    <property name="sun.cpu.isalist" value="amd64"/>
    <property name="sun.jnu.encoding" value="GBK"/>
    <property name="java.class.path" value="A:\java\Yumubot\target\test-classes;A:\java\Yumubot\target\classes;A:\apache-maven-3.6.3\mvnhourse\org\springframework\boot\spring-boot-starter-web\2.4.3\spring-boot-starter-web-2.4.3.jar;A:\apache-maven-3.6.3\mvnhourse\org\springframework\boot\spring-boot-starter\2.4.3\spring-boot-starter-2.4.3.jar;A:\apache-maven-3.6.3\mvnhourse\org\springframework\boot\spring-boot\2.4.3\spring-boot-2.4.3.jar;A:\apache-maven-3.6.3\mvnhourse\org\springframework\boot\spring-boot-autoconfigure\2.4.3\spring-boot-autoconfigure-2.4.3.jar;A:\apache-maven-3.6.3\mvnhourse\org\springframework\boot\spring-boot-starter-logging\2.4.3\spring-boot-starter-logging-2.4.3.jar;A:\apache-maven-3.6.3\mvnhourse\org\apache\logging\log4j\log4j-to-slf4j\2.13.3\log4j-to-slf4j-2.13.3.jar;A:\apache-maven-3.6.3\mvnhourse\org\apache\logging\log4j\log4j-api\2.13.3\log4j-api-2.13.3.jar;A:\apache-maven-3.6.3\mvnhourse\org\slf4j\jul-to-slf4j\1.7.30\jul-to-slf4j-1.7.30.jar;A:\apache-maven-3.6.3\mvnhourse\jakarta\annotation\jakarta.annotation-api\1.3.5\jakarta.annotation-api-1.3.5.jar;A:\apache-maven-3.6.3\mvnhourse\org\yaml\snakeyaml\1.27\snakeyaml-1.27.jar;A:\apache-maven-3.6.3\mvnhourse\org\springframework\boot\spring-boot-starter-json\2.4.3\spring-boot-starter-json-2.4.3.jar;A:\apache-maven-3.6.3\mvnhourse\com\fasterxml\jackson\core\jackson-databind\2.11.4\jackson-databind-2.11.4.jar;A:\apache-maven-3.6.3\mvnhourse\com\fasterxml\jackson\core\jackson-annotations\2.11.4\jackson-annotations-2.11.4.jar;A:\apache-maven-3.6.3\mvnhourse\com\fasterxml\jackson\core\jackson-core\2.11.4\jackson-core-2.11.4.jar;A:\apache-maven-3.6.3\mvnhourse\com\fasterxml\jackson\datatype\jackson-datatype-jdk8\2.11.4\jackson-datatype-jdk8-2.11.4.jar;A:\apache-maven-3.6.3\mvnhourse\com\fasterxml\jackson\datatype\jackson-datatype-jsr310\2.11.4\jackson-datatype-jsr310-2.11.4.jar;A:\apache-maven-3.6.3\mvnhourse\com\fasterxml\jackson\module\jackson-module-parameter-names\2.11.4\jackson-module-parameter-names-2.11.4.jar;A:\apache-maven-3.6.3\mvnhourse\org\springframework\boot\spring-boot-starter-tomcat\2.4.3\spring-boot-starter-tomcat-2.4.3.jar;A:\apache-maven-3.6.3\mvnhourse\org\apache\tomcat\embed\tomcat-embed-core\9.0.43\tomcat-embed-core-9.0.43.jar;A:\apache-maven-3.6.3\mvnhourse\org\glassfish\jakarta.el\3.0.3\jakarta.el-3.0.3.jar;A:\apache-maven-3.6.3\mvnhourse\org\apache\tomcat\embed\tomcat-embed-websocket\9.0.43\tomcat-embed-websocket-9.0.43.jar;A:\apache-maven-3.6.3\mvnhourse\org\springframework\spring-web\5.3.4\spring-web-5.3.4.jar;A:\apache-maven-3.6.3\mvnhourse\org\springframework\spring-beans\5.3.4\spring-beans-5.3.4.jar;A:\apache-maven-3.6.3\mvnhourse\org\springframework\spring-webmvc\5.3.4\spring-webmvc-5.3.4.jar;A:\apache-maven-3.6.3\mvnhourse\org\springframework\spring-aop\5.3.4\spring-aop-5.3.4.jar;A:\apache-maven-3.6.3\mvnhourse\org\springframework\spring-context\5.3.4\spring-context-5.3.4.jar;A:\apache-maven-3.6.3\mvnhourse\org\springframework\spring-expression\5.3.4\spring-expression-5.3.4.jar;A:\apache-maven-3.6.3\mvnhourse\org\projectlombok\lombok\1.18.18\lombok-1.18.18.jar;A:\apache-maven-3.6.3\mvnhourse\org\springframework\boot\spring-boot-starter-test\2.4.3\spring-boot-starter-test-2.4.3.jar;A:\apache-maven-3.6.3\mvnhourse\org\springframework\boot\spring-boot-test\2.4.3\spring-boot-test-2.4.3.jar;A:\apache-maven-3.6.3\mvnhourse\org\springframework\boot\spring-boot-test-autoconfigure\2.4.3\spring-boot-test-autoconfigure-2.4.3.jar;A:\apache-maven-3.6.3\mvnhourse\com\jayway\jsonpath\json-path\2.4.0\json-path-2.4.0.jar;A:\apache-maven-3.6.3\mvnhourse\net\minidev\json-smart\2.3\json-smart-2.3.jar;A:\apache-maven-3.6.3\mvnhourse\net\minidev\accessors-smart\1.2\accessors-smart-1.2.jar;A:\apache-maven-3.6.3\mvnhourse\org\ow2\asm\asm\5.0.4\asm-5.0.4.jar;A:\apache-maven-3.6.3\mvnhourse\jakarta\xml\bind\jakarta.xml.bind-api\2.3.3\jakarta.xml.bind-api-2.3.3.jar;A:\apache-maven-3.6.3\mvnhourse\jakarta\activation\jakarta.activation-api\1.2.2\jakarta.activation-api-1.2.2.jar;A:\apache-maven-3.6.3\mvnhourse\org\assertj\assertj-core\3.18.1\assertj-core-3.18.1.jar;A:\apache-maven-3.6.3\mvnhourse\org\hamcrest\hamcrest\2.2\hamcrest-2.2.jar;A:\apache-maven-3.6.3\mvnhourse\org\junit\jupiter\junit-jupiter\5.7.1\junit-jupiter-5.7.1.jar;A:\apache-maven-3.6.3\mvnhourse\org\junit\jupiter\junit-jupiter-api\5.7.1\junit-jupiter-api-5.7.1.jar;A:\apache-maven-3.6.3\mvnhourse\org\apiguardian\apiguardian-api\1.1.0\apiguardian-api-1.1.0.jar;A:\apache-maven-3.6.3\mvnhourse\org\opentest4j\opentest4j\1.2.0\opentest4j-1.2.0.jar;A:\apache-maven-3.6.3\mvnhourse\org\junit\platform\junit-platform-commons\1.7.1\junit-platform-commons-1.7.1.jar;A:\apache-maven-3.6.3\mvnhourse\org\junit\jupiter\junit-jupiter-params\5.7.1\junit-jupiter-params-5.7.1.jar;A:\apache-maven-3.6.3\mvnhourse\org\junit\jupiter\junit-jupiter-engine\5.7.1\junit-jupiter-engine-5.7.1.jar;A:\apache-maven-3.6.3\mvnhourse\org\junit\platform\junit-platform-engine\1.7.1\junit-platform-engine-1.7.1.jar;A:\apache-maven-3.6.3\mvnhourse\org\mockito\mockito-core\3.6.28\mockito-core-3.6.28.jar;A:\apache-maven-3.6.3\mvnhourse\net\bytebuddy\byte-buddy\1.10.20\byte-buddy-1.10.20.jar;A:\apache-maven-3.6.3\mvnhourse\net\bytebuddy\byte-buddy-agent\1.10.20\byte-buddy-agent-1.10.20.jar;A:\apache-maven-3.6.3\mvnhourse\org\objenesis\objenesis\3.1\objenesis-3.1.jar;A:\apache-maven-3.6.3\mvnhourse\org\mockito\mockito-junit-jupiter\3.6.28\mockito-junit-jupiter-3.6.28.jar;A:\apache-maven-3.6.3\mvnhourse\org\skyscreamer\jsonassert\1.5.0\jsonassert-1.5.0.jar;A:\apache-maven-3.6.3\mvnhourse\com\vaadin\external\google\android-json\0.0.20131108.vaadin1\android-json-0.0.20131108.vaadin1.jar;A:\apache-maven-3.6.3\mvnhourse\org\springframework\spring-core\5.3.4\spring-core-5.3.4.jar;A:\apache-maven-3.6.3\mvnhourse\org\springframework\spring-jcl\5.3.4\spring-jcl-5.3.4.jar;A:\apache-maven-3.6.3\mvnhourse\org\springframework\spring-test\5.3.4\spring-test-5.3.4.jar;A:\apache-maven-3.6.3\mvnhourse\org\xmlunit\xmlunit-core\2.7.0\xmlunit-core-2.7.0.jar;A:\apache-maven-3.6.3\mvnhourse\ch\qos\logback\logback-classic\1.2.3\logback-classic-1.2.3.jar;A:\apache-maven-3.6.3\mvnhourse\org\slf4j\slf4j-api\1.7.30\slf4j-api-1.7.30.jar;A:\apache-maven-3.6.3\mvnhourse\ch\qos\logback\logback-core\1.2.3\logback-core-1.2.3.jar;A:\apache-maven-3.6.3\mvnhourse\com\alibaba\fastjson\1.2.75\fastjson-1.2.75.jar;"/>
    <property name="java.vm.vendor" value="Oracle Corporation"/>
    <property name="sun.arch.data.model" value="64"/>
    <property name="user.variant" value=""/>
    <property name="java.vendor.url" value="https://java.oracle.com/"/>
    <property name="user.timezone" value="Asia/Shanghai"/>
    <property name="os.name" value="Windows 10"/>
    <property name="java.vm.specification.version" value="12"/>
    <property name="sun.java.launcher" value="SUN_STANDARD"/>
    <property name="user.country" value="CN"/>
    <property name="sun.boot.library.path" value="D:\Java\bin"/>
    <property name="sun.java.command" value="C:\Users\ADMINI~1\AppData\Local\Temp\surefire12905181521638967906\surefirebooter15948356219761583042.jar C:\Users\Administrator\AppData\Local\Temp\surefire12905181521638967906 2021-07-17T10-03-54_800-jvmRun1 surefire7549700410712689697tmp surefire_010564114453024078541tmp"/>
    <property name="jdk.debug" value="release"/>
    <property name="surefire.test.class.path" value="A:\java\Yumubot\target\test-classes;A:\java\Yumubot\target\classes;A:\apache-maven-3.6.3\mvnhourse\org\springframework\boot\spring-boot-starter-web\2.4.3\spring-boot-starter-web-2.4.3.jar;A:\apache-maven-3.6.3\mvnhourse\org\springframework\boot\spring-boot-starter\2.4.3\spring-boot-starter-2.4.3.jar;A:\apache-maven-3.6.3\mvnhourse\org\springframework\boot\spring-boot\2.4.3\spring-boot-2.4.3.jar;A:\apache-maven-3.6.3\mvnhourse\org\springframework\boot\spring-boot-autoconfigure\2.4.3\spring-boot-autoconfigure-2.4.3.jar;A:\apache-maven-3.6.3\mvnhourse\org\springframework\boot\spring-boot-starter-logging\2.4.3\spring-boot-starter-logging-2.4.3.jar;A:\apache-maven-3.6.3\mvnhourse\org\apache\logging\log4j\log4j-to-slf4j\2.13.3\log4j-to-slf4j-2.13.3.jar;A:\apache-maven-3.6.3\mvnhourse\org\apache\logging\log4j\log4j-api\2.13.3\log4j-api-2.13.3.jar;A:\apache-maven-3.6.3\mvnhourse\org\slf4j\jul-to-slf4j\1.7.30\jul-to-slf4j-1.7.30.jar;A:\apache-maven-3.6.3\mvnhourse\jakarta\annotation\jakarta.annotation-api\1.3.5\jakarta.annotation-api-1.3.5.jar;A:\apache-maven-3.6.3\mvnhourse\org\yaml\snakeyaml\1.27\snakeyaml-1.27.jar;A:\apache-maven-3.6.3\mvnhourse\org\springframework\boot\spring-boot-starter-json\2.4.3\spring-boot-starter-json-2.4.3.jar;A:\apache-maven-3.6.3\mvnhourse\com\fasterxml\jackson\core\jackson-databind\2.11.4\jackson-databind-2.11.4.jar;A:\apache-maven-3.6.3\mvnhourse\com\fasterxml\jackson\core\jackson-annotations\2.11.4\jackson-annotations-2.11.4.jar;A:\apache-maven-3.6.3\mvnhourse\com\fasterxml\jackson\core\jackson-core\2.11.4\jackson-core-2.11.4.jar;A:\apache-maven-3.6.3\mvnhourse\com\fasterxml\jackson\datatype\jackson-datatype-jdk8\2.11.4\jackson-datatype-jdk8-2.11.4.jar;A:\apache-maven-3.6.3\mvnhourse\com\fasterxml\jackson\datatype\jackson-datatype-jsr310\2.11.4\jackson-datatype-jsr310-2.11.4.jar;A:\apache-maven-3.6.3\mvnhourse\com\fasterxml\jackson\module\jackson-module-parameter-names\2.11.4\jackson-module-parameter-names-2.11.4.jar;A:\apache-maven-3.6.3\mvnhourse\org\springframework\boot\spring-boot-starter-tomcat\2.4.3\spring-boot-starter-tomcat-2.4.3.jar;A:\apache-maven-3.6.3\mvnhourse\org\apache\tomcat\embed\tomcat-embed-core\9.0.43\tomcat-embed-core-9.0.43.jar;A:\apache-maven-3.6.3\mvnhourse\org\glassfish\jakarta.el\3.0.3\jakarta.el-3.0.3.jar;A:\apache-maven-3.6.3\mvnhourse\org\apache\tomcat\embed\tomcat-embed-websocket\9.0.43\tomcat-embed-websocket-9.0.43.jar;A:\apache-maven-3.6.3\mvnhourse\org\springframework\spring-web\5.3.4\spring-web-5.3.4.jar;A:\apache-maven-3.6.3\mvnhourse\org\springframework\spring-beans\5.3.4\spring-beans-5.3.4.jar;A:\apache-maven-3.6.3\mvnhourse\org\springframework\spring-webmvc\5.3.4\spring-webmvc-5.3.4.jar;A:\apache-maven-3.6.3\mvnhourse\org\springframework\spring-aop\5.3.4\spring-aop-5.3.4.jar;A:\apache-maven-3.6.3\mvnhourse\org\springframework\spring-context\5.3.4\spring-context-5.3.4.jar;A:\apache-maven-3.6.3\mvnhourse\org\springframework\spring-expression\5.3.4\spring-expression-5.3.4.jar;A:\apache-maven-3.6.3\mvnhourse\org\projectlombok\lombok\1.18.18\lombok-1.18.18.jar;A:\apache-maven-3.6.3\mvnhourse\org\springframework\boot\spring-boot-starter-test\2.4.3\spring-boot-starter-test-2.4.3.jar;A:\apache-maven-3.6.3\mvnhourse\org\springframework\boot\spring-boot-test\2.4.3\spring-boot-test-2.4.3.jar;A:\apache-maven-3.6.3\mvnhourse\org\springframework\boot\spring-boot-test-autoconfigure\2.4.3\spring-boot-test-autoconfigure-2.4.3.jar;A:\apache-maven-3.6.3\mvnhourse\com\jayway\jsonpath\json-path\2.4.0\json-path-2.4.0.jar;A:\apache-maven-3.6.3\mvnhourse\net\minidev\json-smart\2.3\json-smart-2.3.jar;A:\apache-maven-3.6.3\mvnhourse\net\minidev\accessors-smart\1.2\accessors-smart-1.2.jar;A:\apache-maven-3.6.3\mvnhourse\org\ow2\asm\asm\5.0.4\asm-5.0.4.jar;A:\apache-maven-3.6.3\mvnhourse\jakarta\xml\bind\jakarta.xml.bind-api\2.3.3\jakarta.xml.bind-api-2.3.3.jar;A:\apache-maven-3.6.3\mvnhourse\jakarta\activation\jakarta.activation-api\1.2.2\jakarta.activation-api-1.2.2.jar;A:\apache-maven-3.6.3\mvnhourse\org\assertj\assertj-core\3.18.1\assertj-core-3.18.1.jar;A:\apache-maven-3.6.3\mvnhourse\org\hamcrest\hamcrest\2.2\hamcrest-2.2.jar;A:\apache-maven-3.6.3\mvnhourse\org\junit\jupiter\junit-jupiter\5.7.1\junit-jupiter-5.7.1.jar;A:\apache-maven-3.6.3\mvnhourse\org\junit\jupiter\junit-jupiter-api\5.7.1\junit-jupiter-api-5.7.1.jar;A:\apache-maven-3.6.3\mvnhourse\org\apiguardian\apiguardian-api\1.1.0\apiguardian-api-1.1.0.jar;A:\apache-maven-3.6.3\mvnhourse\org\opentest4j\opentest4j\1.2.0\opentest4j-1.2.0.jar;A:\apache-maven-3.6.3\mvnhourse\org\junit\platform\junit-platform-commons\1.7.1\junit-platform-commons-1.7.1.jar;A:\apache-maven-3.6.3\mvnhourse\org\junit\jupiter\junit-jupiter-params\5.7.1\junit-jupiter-params-5.7.1.jar;A:\apache-maven-3.6.3\mvnhourse\org\junit\jupiter\junit-jupiter-engine\5.7.1\junit-jupiter-engine-5.7.1.jar;A:\apache-maven-3.6.3\mvnhourse\org\junit\platform\junit-platform-engine\1.7.1\junit-platform-engine-1.7.1.jar;A:\apache-maven-3.6.3\mvnhourse\org\mockito\mockito-core\3.6.28\mockito-core-3.6.28.jar;A:\apache-maven-3.6.3\mvnhourse\net\bytebuddy\byte-buddy\1.10.20\byte-buddy-1.10.20.jar;A:\apache-maven-3.6.3\mvnhourse\net\bytebuddy\byte-buddy-agent\1.10.20\byte-buddy-agent-1.10.20.jar;A:\apache-maven-3.6.3\mvnhourse\org\objenesis\objenesis\3.1\objenesis-3.1.jar;A:\apache-maven-3.6.3\mvnhourse\org\mockito\mockito-junit-jupiter\3.6.28\mockito-junit-jupiter-3.6.28.jar;A:\apache-maven-3.6.3\mvnhourse\org\skyscreamer\jsonassert\1.5.0\jsonassert-1.5.0.jar;A:\apache-maven-3.6.3\mvnhourse\com\vaadin\external\google\android-json\0.0.20131108.vaadin1\android-json-0.0.20131108.vaadin1.jar;A:\apache-maven-3.6.3\mvnhourse\org\springframework\spring-core\5.3.4\spring-core-5.3.4.jar;A:\apache-maven-3.6.3\mvnhourse\org\springframework\spring-jcl\5.3.4\spring-jcl-5.3.4.jar;A:\apache-maven-3.6.3\mvnhourse\org\springframework\spring-test\5.3.4\spring-test-5.3.4.jar;A:\apache-maven-3.6.3\mvnhourse\org\xmlunit\xmlunit-core\2.7.0\xmlunit-core-2.7.0.jar;A:\apache-maven-3.6.3\mvnhourse\ch\qos\logback\logback-classic\1.2.3\logback-classic-1.2.3.jar;A:\apache-maven-3.6.3\mvnhourse\org\slf4j\slf4j-api\1.7.30\slf4j-api-1.7.30.jar;A:\apache-maven-3.6.3\mvnhourse\ch\qos\logback\logback-core\1.2.3\logback-core-1.2.3.jar;A:\apache-maven-3.6.3\mvnhourse\com\alibaba\fastjson\1.2.75\fastjson-1.2.75.jar;"/>
    <property name="sun.cpu.endian" value="little"/>
    <property name="user.home" value="C:\Users\Administrator"/>
    <property name="user.language" value="zh"/>
    <property name="java.specification.vendor" value="Oracle Corporation"/>
    <property name="java.version.date" value="2019-07-16"/>
    <property name="java.home" value="D:\Java"/>
    <property name="file.separator" value="\"/>
    <property name="basedir" value="A:\java\Yumubot"/>
    <property name="java.vm.compressedOopsMode" value="Zero based"/>
    <property name="line.separator" value="&#10;"/>
    <property name="java.vm.specification.vendor" value="Oracle Corporation"/>
    <property name="java.specification.name" value="Java Platform API Specification"/>
    <property name="java.awt.graphicsenv" value="sun.awt.Win32GraphicsEnvironment"/>
    <property name="surefire.real.class.path" value="C:\Users\ADMINI~1\AppData\Local\Temp\surefire12905181521638967906\surefirebooter15948356219761583042.jar"/>
    <property name="idea.version2020.1.4" value="true"/>
    <property name="user.script" value=""/>
    <property name="sun.management.compiler" value="HotSpot 64-Bit Tiered Compilers"/>
    <property name="java.runtime.version" value="12.0.2+10"/>
    <property name="user.name" value="Administrator"/>
    <property name="path.separator" value=";"/>
    <property name="os.version" value="10.0"/>
    <property name="java.runtime.name" value="Java(TM) SE Runtime Environment"/>
    <property name="file.encoding" value="GBK"/>
    <property name="java.vm.name" value="Java HotSpot(TM) 64-Bit Server VM"/>
    <property name="localRepository" value="A:\apache-maven-3.6.3\mvnhourse"/>
    <property name="java.vendor.url.bug" value="https://bugreport.java.com/bugreport/"/>
    <property name="java.io.tmpdir" value="C:\Users\ADMINI~1\AppData\Local\Temp\"/>
    <property name="java.version" value="12.0.2"/>
    <property name="user.dir" value="A:\java\Yumubot"/>
    <property name="os.arch" value="amd64"/>
    <property name="java.vm.specification.name" value="Java Virtual Machine Specification"/>
    <property name="sun.os.patch.level" value=""/>
    <property name="java.library.path" value="D:\Java\bin;C:\Windows\Sun\Java\bin;C:\Windows\system32;C:\Windows;C:\Windows\system32\WBEM;C:\Windows\system32;C:\Windows;C:\Windows\System32\Wbem;C:\Windows\System32\WindowsPowerShell\v1.0\;C:\Windows\System32\OpenSSH\;C:\Program Files (x86)\dotnet\;D:\Java\bin;D:\Java\jre\bin;A:\Program Files\Git;C:\Program Files\dotnet\;C:\Users\Administrator\AppData\Local\Microsoft\WindowsApps;C:\Users\T\AppData\Local\Programs\Microsoft VS Code\bin;C:\Users\Administrator\.dotnet\tools;C:\Users\Administrator\go\bin;A:\T\AppData\Local\GitHubDesktop\bin;C:\Program Files\Docker\Docker\resources\bin;C:\ProgramData\DockerDesktop\version-bin;C:\Users\Administrator\AppData\Local\Microsoft\WindowsApps;C:\Users\T\AppData\Local\Programs\Microsoft VS Code\bin;C:\Users\Administrator\.dotnet\tools;C:\Users\Administrator\go\bin;A:\mysql-8.0.21-winx64\bin;."/>
    <property name="java.vm.info" value="mixed mode, sharing"/>
    <property name="java.vendor" value="Oracle Corporation"/>
    <property name="java.vm.version" value="12.0.2+10"/>
    <property name="sun.io.unicode.encoding" value="UnicodeLittle"/>
    <property name="maven.repo.local" value="A:\apache-maven-3.6.3\mvnhourse"/>
    <property name="java.class.version" value="56.0"/>
  </properties>
  <testcase name="test" classname="cn.truncle.yumubot.EventControllerTests" time="0"/>
</testsuite>